<?xml version="1.0" encoding="UTF-8"?>
<testsuite name="Tests.TestGroup_second" tests="3" skipped="0" failures="0" errors="0" timestamp="2018-07-07T14:34:53" hostname="azhworking" time="13.232">
  <properties/>
  <testcase name="validUserIsAbleToLogin" classname="Tests.TestGroup_second" time="4.531"/>
  <testcase name="userIsAbleToCreateNewArticle" classname="Tests.TestGroup_second" time="6.009"/>
  <testcase name="userIsAbleToDeleteCreatedArticle" classname="Tests.TestGroup_second" time="2.689"/>
  <system-out><![CDATA[]]></system-out>
  <system-err><![CDATA[JavaScript error: http://qa.jtalks.org/antarcticle/javascripts/Global.js, line 35: ReferenceError: Cannot is not defined
JavaScript error: http://qa.jtalks.org/antarcticle/javascripts/Global.js, line 35: ReferenceError: Cannot is not defined
JavaScript warning: http://qa.jtalks.org/antarcticle/webjars/jquery.min.js, line 1: Using //@ to indicate sourceMappingURL pragmas is deprecated. Use //# instead
JavaScript error: http://codepen.io/dark_mefody/pen/pKjqpz.js, line 4: TypeError: canvas is null
JavaScript error: http://qa.jtalks.org/antarcticle/javascripts/Global.js, line 35: ReferenceError: Cannot is not defined
JavaScript error: http://qa.jtalks.org/antarcticle/javascripts/Global.js, line 35: ReferenceError: Cannot is not defined
JavaScript warning: http://qa.jtalks.org/antarcticle/webjars/jquery.min.js, line 1: Using //@ to indicate sourceMappingURL pragmas is deprecated. Use //# instead
JavaScript error: http://codepen.io/dark_mefody/pen/pKjqpz.js, line 4: TypeError: canvas is null
JavaScript error: http://qa.jtalks.org/antarcticle/javascripts/Global.js, line 35: ReferenceError: Cannot is not defined
JavaScript error: http://qa.jtalks.org/antarcticle/javascripts/Global.js, line 35: ReferenceError: Cannot is not defined
JavaScript warning: http://qa.jtalks.org/antarcticle/webjars/jquery.min.js, line 1: Using //@ to indicate sourceMappingURL pragmas is deprecated. Use //# instead
JavaScript error: http://codepen.io/dark_mefody/pen/pKjqpz.js, line 4: TypeError: canvas is null
JavaScript error: http://qa.jtalks.org/antarcticle/javascripts/Global.js, line 35: ReferenceError: Cannot is not defined
JavaScript error: http://qa.jtalks.org/antarcticle/javascripts/Global.js, line 35: ReferenceError: Cannot is not defined
JavaScript warning: http://qa.jtalks.org/antarcticle/webjars/jquery.min.js, line 1: Using //@ to indicate sourceMappingURL pragmas is deprecated. Use //# instead
JavaScript warning: http://qa.jtalks.org/antarcticle/webjars/jquery.min.js, line 1: Using //@ to indicate sourceMappingURL pragmas is deprecated. Use //# instead
JavaScript error: http://codepen.io/dark_mefody/pen/pKjqpz.js, line 4: TypeError: canvas is null
]]></system-err>
</testsuite>
