<?xml version="1.0" encoding="UTF-8"?>
<testsuite name="Tests.TestGroup_second" tests="3" skipped="0" failures="0" errors="0" timestamp="2018-07-07T14:29:26" hostname="azhworking" time="16.554">
  <properties/>
  <testcase name="validUserIsAbleToLogin" classname="Tests.TestGroup_second" time="7.163"/>
  <testcase name="userIsAbleToCreateNewArticle" classname="Tests.TestGroup_second" time="5.609"/>
  <testcase name="userIsAbleToDeleteCreatedArticle" classname="Tests.TestGroup_second" time="3.78"/>
  <system-out><![CDATA[]]></system-out>
  <system-err><![CDATA[]]></system-err>
</testsuite>
