<?xml version="1.0" encoding="UTF-8"?>
<testsuite name="Tests.LoginTest" tests="1" skipped="0" failures="0" errors="0" timestamp="2017-04-21T15:22:11" hostname="zhukov" time="4.593">
  <properties/>
  <testcase name="testLogin" classname="Tests.LoginTest" time="4.593"/>
  <system-out><![CDATA[]]></system-out>
  <system-err><![CDATA[]]></system-err>
</testsuite>
