<?xml version="1.0" encoding="UTF-8"?>
<testsuite name="Tests.UserIsAbleCreateNewArticleTest" tests="1" skipped="0" failures="0" errors="0" timestamp="2017-04-27T12:37:53" hostname="zhukov" time="2.687">
  <properties/>
  <testcase name="testUserIsAbleCreateNewArticle" classname="Tests.UserIsAbleCreateNewArticleTest" time="2.687"/>
  <system-out><![CDATA[]]></system-out>
  <system-err><![CDATA[]]></system-err>
</testsuite>
